0 info it worked if it ends with ok
1 verbose cli [ '/usr/local/bin/node',
1 verbose cli   '/usr/local/bin/npm',
1 verbose cli   'install',
1 verbose cli   'package.json' ]
2 info using npm@3.10.2
3 info using node@v4.4.6
4 silly loadCurrentTree Starting
5 silly install loadCurrentTree
6 silly install readLocalPackageData
7 silly fetchPackageMetaData package.json
8 silly fetchOtherPackageData package.json
9 silly cache add args [ 'package.json', null ]
10 verbose cache add spec package.json
11 silly cache add parsed spec Result {
11 silly cache add   raw: 'package.json',
11 silly cache add   scope: null,
11 silly cache add   escapedName: 'package.json',
11 silly cache add   name: null,
11 silly cache add   rawSpec: 'package.json',
11 silly cache add   spec: '/usr/local/bin/StorytellingMap/package.json',
11 silly cache add   type: 'local' }
12 silly addLocalTarball shasum (computed) cb5c40f9539ae826f51aa6e539c0be44f91ff87b
13 verbose addTmpTarball /usr/local/bin/StorytellingMap/package.json not in flight; adding
14 verbose correctMkdir /Users/gp_ictkochi/.npm correctMkdir not in flight; initializing
15 verbose addTmpTarball validating metadata from /usr/local/bin/StorytellingMap/package.json
16 verbose tar unpack /usr/local/bin/StorytellingMap/package.json
17 verbose tar unpacking to /var/folders/m3/89v_lbr50dlgkdjdf798f_l00000gn/T/npm-6864-d2563c89/unpack-ad55decb
18 silly gentlyRm /var/folders/m3/89v_lbr50dlgkdjdf798f_l00000gn/T/npm-6864-d2563c89/unpack-ad55decb is being purged
19 verbose gentlyRm don't care about contents; nuking /var/folders/m3/89v_lbr50dlgkdjdf798f_l00000gn/T/npm-6864-d2563c89/unpack-ad55decb
20 silly gunzTarPerm modes [ '755', '644' ]
21 error not a package /usr/local/bin/StorytellingMap/package.json
22 error addLocal Could not install /usr/local/bin/StorytellingMap/package.json
23 silly fetchPackageMetaData Error: ENOENT: no such file or directory, open '/var/folders/m3/89v_lbr50dlgkdjdf798f_l00000gn/T/npm-6864-d2563c89/unpack-ad55decb/package.json'
23 silly fetchPackageMetaData     at Error (native)
23 silly fetchPackageMetaData  error for package.json { [Error: ENOENT: no such file or directory, open '/var/folders/m3/89v_lbr50dlgkdjdf798f_l00000gn/T/npm-6864-d2563c89/unpack-ad55decb/package.json']
23 silly fetchPackageMetaData   errno: -2,
23 silly fetchPackageMetaData   code: 'ENOENT',
23 silly fetchPackageMetaData   syscall: 'open',
23 silly fetchPackageMetaData   path: '/var/folders/m3/89v_lbr50dlgkdjdf798f_l00000gn/T/npm-6864-d2563c89/unpack-ad55decb/package.json' }
24 silly rollbackFailedOptional Starting
25 silly rollbackFailedOptional Finishing
26 silly runTopLevelLifecycles Starting
27 silly runTopLevelLifecycles Finishing
28 silly install printInstalled
29 verbose stack Error: ENOENT: no such file or directory, open '/var/folders/m3/89v_lbr50dlgkdjdf798f_l00000gn/T/npm-6864-d2563c89/unpack-ad55decb/package.json'
29 verbose stack     at Error (native)
30 verbose cwd /usr/local/bin/StorytellingMap
31 error Darwin 15.5.0
32 error argv "/usr/local/bin/node" "/usr/local/bin/npm" "install" "package.json"
33 error node v4.4.6
34 error npm  v3.10.2
35 error path /var/folders/m3/89v_lbr50dlgkdjdf798f_l00000gn/T/npm-6864-d2563c89/unpack-ad55decb/package.json
36 error code ENOENT
37 error errno -2
38 error syscall open
39 error enoent ENOENT: no such file or directory, open '/var/folders/m3/89v_lbr50dlgkdjdf798f_l00000gn/T/npm-6864-d2563c89/unpack-ad55decb/package.json'
40 error enoent ENOENT: no such file or directory, open '/var/folders/m3/89v_lbr50dlgkdjdf798f_l00000gn/T/npm-6864-d2563c89/unpack-ad55decb/package.json'
40 error enoent This is most likely not a problem with npm itself
40 error enoent and is related to npm not being able to find a file.
41 verbose exit [ -2, true ]
